build/app/intermediates/manifest_merge_blame_file/release/manifest-merger-blame-release-report.txt
1<?xml version="1.0" encoding="utf-8"?>
2<manifest xmlns:android="http://schemas.android.com/apk/res/android"
3    package="com.absolute.habits"
4    android:versionCode="1"
5    android:versionName="1.0.0" >
6
7    <uses-sdk
8        android:minSdkVersion="21"
8-->src\main\AndroidManifest.xml
9        android:targetSdkVersion="30" />
9-->src\main\AndroidManifest.xml
10    <!--
11         io.flutter.app.FlutterApplication is an android.app.Application that
12         calls FlutterMain.startInitialization(this); in its onCreate method.
13         In most cases you can leave this as-is, but you if you want to provide
14         additional functionality it is fine to subclass or reimplement
15         FlutterApplication and put your custom class here.
16    -->
17    <uses-permission android:name="android.permission.RECEIVE_BOOT_COMPLETED" />
17-->src\main\AndroidManifest.xml:8:5-81
17-->src\main\AndroidManifest.xml:8:22-78
18    <uses-permission android:name="android.permission.VIBRATE" />
18-->src\main\AndroidManifest.xml:9:5-66
18-->src\main\AndroidManifest.xml:9:22-63
19    <uses-permission android:name="android.permission.INTERNET " />
19-->src\main\AndroidManifest.xml:10:5-67
19-->src\main\AndroidManifest.xml:10:22-65
20    <uses-permission android:name="android.permission.INTERNET" />
20-->[:google_sign_in] AndroidManifest.xml:7:5-67
20-->[:google_sign_in] AndroidManifest.xml:7:22-64
21    <uses-permission android:name="android.permission.USE_FULL_SCREEN_INTENT" />
21-->[:flutter_local_notifications] AndroidManifest.xml:9:5-81
21-->[:flutter_local_notifications] AndroidManifest.xml:9:22-78
22    <uses-permission android:name="android.permission.ACCESS_NETWORK_STATE" />
22-->[com.google.firebase:firebase-auth:21.0.1] AndroidManifest.xml:24:5-79
22-->[com.google.firebase:firebase-auth:21.0.1] AndroidManifest.xml:24:22-76
23    <uses-permission android:name="android.permission.WAKE_LOCK" />
23-->[androidx.work:work-runtime:2.4.0] AndroidManifest.xml:25:5-68
23-->[androidx.work:work-runtime:2.4.0] AndroidManifest.xml:25:22-65
24    <uses-permission android:name="android.permission.FOREGROUND_SERVICE" />
24-->[androidx.work:work-runtime:2.4.0] AndroidManifest.xml:28:5-77
24-->[androidx.work:work-runtime:2.4.0] AndroidManifest.xml:28:22-74
25
26    <application
26-->src\main\AndroidManifest.xml:11:5-58:19
27        android:name="io.flutter.app.FlutterApplication"
27-->src\main\AndroidManifest.xml:12:9-57
28        android:appComponentFactory="androidx.core.app.CoreComponentFactory"
28-->[androidx.core:core:1.3.0] AndroidManifest.xml:24:18-86
29        android:icon="@mipmap/ic_launcher"
29-->src\main\AndroidManifest.xml:14:9-43
30        android:label="Serene" >
30-->src\main\AndroidManifest.xml:13:9-31
31        <activity
31-->src\main\AndroidManifest.xml:17:9-45:20
32            android:name="com.absolute.habits.MainActivity"
32-->src\main\AndroidManifest.xml:18:13-41
33            android:configChanges="orientation|keyboardHidden|keyboard|screenSize|smallestScreenSize|locale|layoutDirection|fontScale|screenLayout|density|uiMode"
33-->src\main\AndroidManifest.xml:21:13-163
34            android:hardwareAccelerated="true"
34-->src\main\AndroidManifest.xml:22:13-47
35            android:launchMode="singleTop"
35-->src\main\AndroidManifest.xml:19:13-43
36            android:theme="@style/LaunchTheme"
36-->src\main\AndroidManifest.xml:20:13-47
37            android:windowSoftInputMode="adjustResize" >
37-->src\main\AndroidManifest.xml:23:13-55
38
39            <!--
40                 Specifies an Android theme to apply to this Activity as soon as
41                 the Android process has started. This theme is visible to the user
42                 while the Flutter UI initializes. After that, this theme continues
43                 to determine the Window background behind the Flutter UI.
44            -->
45            <meta-data
45-->src\main\AndroidManifest.xml:28:13-31:17
46                android:name="io.flutter.embedding.android.NormalTheme"
46-->src\main\AndroidManifest.xml:29:15-70
47                android:resource="@style/NormalTheme" />
47-->src\main\AndroidManifest.xml:30:15-52
48            <!--
49                 Displays an Android View that continues showing the launch screen
50                 Drawable until Flutter paints its first frame, then this splash
51                 screen fades out. A splash screen is useful to avoid any visual
52                 gap between the end of Android's launch screen and the painting of
53                 Flutter's first frame.
54            -->
55            <meta-data
55-->src\main\AndroidManifest.xml:37:13-40:17
56                android:name="io.flutter.embedding.android.SplashScreenDrawable"
56-->src\main\AndroidManifest.xml:38:15-79
57                android:resource="@drawable/launch_background" />
57-->src\main\AndroidManifest.xml:39:15-61
58
59            <intent-filter>
59-->src\main\AndroidManifest.xml:41:13-44:29
60                <action android:name="android.intent.action.MAIN" />
60-->src\main\AndroidManifest.xml:42:17-68
60-->src\main\AndroidManifest.xml:42:25-66
61
62                <category android:name="android.intent.category.LAUNCHER" />
62-->src\main\AndroidManifest.xml:43:17-76
62-->src\main\AndroidManifest.xml:43:27-74
63            </intent-filter>
64        </activity>
65
66        <receiver android:name="com.dexterous.flutterlocalnotifications.ScheduledNotificationReceiver" />
66-->src\main\AndroidManifest.xml:46:9-106
66-->src\main\AndroidManifest.xml:46:19-103
67        <receiver android:name="com.dexterous.flutterlocalnotifications.ScheduledNotificationBootReceiver" >
67-->src\main\AndroidManifest.xml:47:9-52:20
67-->src\main\AndroidManifest.xml:47:19-107
68            <intent-filter>
68-->src\main\AndroidManifest.xml:48:13-51:29
69                <action android:name="android.intent.action.BOOT_COMPLETED" />
69-->src\main\AndroidManifest.xml:49:17-79
69-->src\main\AndroidManifest.xml:49:25-76
70                <action android:name="android.intent.action.MY_PACKAGE_REPLACED" />
70-->src\main\AndroidManifest.xml:50:17-84
70-->src\main\AndroidManifest.xml:50:25-81
71            </intent-filter>
72            <intent-filter>
72-->[:flutter_local_notifications] AndroidManifest.xml:14:13-19:29
73                <action android:name="android.intent.action.BOOT_COMPLETED" />
73-->src\main\AndroidManifest.xml:49:17-79
73-->src\main\AndroidManifest.xml:49:25-76
74                <action android:name="android.intent.action.MY_PACKAGE_REPLACED" />
74-->src\main\AndroidManifest.xml:50:17-84
74-->src\main\AndroidManifest.xml:50:25-81
75                <action android:name="android.intent.action.QUICKBOOT_POWERON" />
75-->[:flutter_local_notifications] AndroidManifest.xml:17:17-82
75-->[:flutter_local_notifications] AndroidManifest.xml:17:25-79
76                <action android:name="com.htc.intent.action.QUICKBOOT_POWERON" />
76-->[:flutter_local_notifications] AndroidManifest.xml:18:17-82
76-->[:flutter_local_notifications] AndroidManifest.xml:18:25-79
77            </intent-filter>
78        </receiver>
79        <!--
80             Don't delete the meta-data below.
81             This is used by the Flutter tool to generate GeneratedPluginRegistrant.java
82        -->
83        <meta-data
83-->src\main\AndroidManifest.xml:55:9-57:33
84            android:name="flutterEmbedding"
84-->src\main\AndroidManifest.xml:56:13-44
85            android:value="2" />
85-->src\main\AndroidManifest.xml:57:13-30
86
87        <service
87-->[:firebase_auth] AndroidManifest.xml:8:9-12:19
88            android:name="com.google.firebase.components.ComponentDiscoveryService"
88-->[:firebase_auth] AndroidManifest.xml:8:18-89
89            android:directBootAware="true"
89-->[com.google.firebase:firebase-common:20.0.0] AndroidManifest.xml:35:13-43
90            android:exported="false" >
90-->[com.google.firebase:firebase-auth:21.0.1] AndroidManifest.xml:76:13-37
91            <meta-data
91-->[:firebase_auth] AndroidManifest.xml:9:13-11:85
92                android:name="com.google.firebase.components:io.flutter.plugins.firebase.auth.FlutterFirebaseAuthRegistrar"
92-->[:firebase_auth] AndroidManifest.xml:10:17-124
93                android:value="com.google.firebase.components.ComponentRegistrar" />
93-->[:firebase_auth] AndroidManifest.xml:11:17-82
94            <meta-data
94-->[:firebase_core] AndroidManifest.xml:9:13-11:85
95                android:name="com.google.firebase.components:io.flutter.plugins.firebase.core.FlutterFirebaseCoreRegistrar"
95-->[:firebase_core] AndroidManifest.xml:10:17-124
96                android:value="com.google.firebase.components.ComponentRegistrar" />
96-->[:firebase_core] AndroidManifest.xml:11:17-82
97            <meta-data
97-->[com.google.firebase:firebase-auth:21.0.1] AndroidManifest.xml:77:13-79:85
98                android:name="com.google.firebase.components:com.google.firebase.auth.FirebaseAuthRegistrar"
98-->[com.google.firebase:firebase-auth:21.0.1] AndroidManifest.xml:78:17-109
99                android:value="com.google.firebase.components.ComponentRegistrar" />
99-->[com.google.firebase:firebase-auth:21.0.1] AndroidManifest.xml:79:17-82
100        </service>
101
102        <activity
102-->[com.google.firebase:firebase-auth:21.0.1] AndroidManifest.xml:27:9-44:20
103            android:name="com.google.firebase.auth.internal.GenericIdpActivity"
103-->[com.google.firebase:firebase-auth:21.0.1] AndroidManifest.xml:28:13-80
104            android:excludeFromRecents="true"
104-->[com.google.firebase:firebase-auth:21.0.1] AndroidManifest.xml:29:13-46
105            android:exported="true"
105-->[com.google.firebase:firebase-auth:21.0.1] AndroidManifest.xml:30:13-36
106            android:launchMode="singleTask"
106-->[com.google.firebase:firebase-auth:21.0.1] AndroidManifest.xml:31:13-44
107            android:theme="@android:style/Theme.Translucent.NoTitleBar" >
107-->[com.google.firebase:firebase-auth:21.0.1] AndroidManifest.xml:32:13-72
108            <intent-filter>
108-->[com.google.firebase:firebase-auth:21.0.1] AndroidManifest.xml:33:13-43:29
109                <action android:name="android.intent.action.VIEW" />
109-->[com.google.firebase:firebase-auth:21.0.1] AndroidManifest.xml:34:17-69
109-->[com.google.firebase:firebase-auth:21.0.1] AndroidManifest.xml:34:25-66
110
111                <category android:name="android.intent.category.DEFAULT" />
111-->[com.google.firebase:firebase-auth:21.0.1] AndroidManifest.xml:36:17-76
111-->[com.google.firebase:firebase-auth:21.0.1] AndroidManifest.xml:36:27-73
112                <category android:name="android.intent.category.BROWSABLE" />
112-->[com.google.firebase:firebase-auth:21.0.1] AndroidManifest.xml:37:17-78
112-->[com.google.firebase:firebase-auth:21.0.1] AndroidManifest.xml:37:27-75
113
114                <data
114-->[com.google.firebase:firebase-auth:21.0.1] AndroidManifest.xml:39:17-42:51
115                    android:host="firebase.auth"
115-->[com.google.firebase:firebase-auth:21.0.1] AndroidManifest.xml:40:21-49
116                    android:path="/"
116-->[com.google.firebase:firebase-auth:21.0.1] AndroidManifest.xml:41:21-37
117                    android:scheme="genericidp" />
117-->[com.google.firebase:firebase-auth:21.0.1] AndroidManifest.xml:42:21-48
118            </intent-filter>
119        </activity>
120        <activity
120-->[com.google.firebase:firebase-auth:21.0.1] AndroidManifest.xml:45:9-62:20
121            android:name="com.google.firebase.auth.internal.RecaptchaActivity"
121-->[com.google.firebase:firebase-auth:21.0.1] AndroidManifest.xml:46:13-79
122            android:excludeFromRecents="true"
122-->[com.google.firebase:firebase-auth:21.0.1] AndroidManifest.xml:47:13-46
123            android:exported="true"
123-->[com.google.firebase:firebase-auth:21.0.1] AndroidManifest.xml:48:13-36
124            android:launchMode="singleTask"
124-->[com.google.firebase:firebase-auth:21.0.1] AndroidManifest.xml:49:13-44
125            android:theme="@android:style/Theme.Translucent.NoTitleBar" >
125-->[com.google.firebase:firebase-auth:21.0.1] AndroidManifest.xml:50:13-72
126            <intent-filter>
126-->[com.google.firebase:firebase-auth:21.0.1] AndroidManifest.xml:51:13-61:29
127                <action android:name="android.intent.action.VIEW" />
127-->[com.google.firebase:firebase-auth:21.0.1] AndroidManifest.xml:34:17-69
127-->[com.google.firebase:firebase-auth:21.0.1] AndroidManifest.xml:34:25-66
128
129                <category android:name="android.intent.category.DEFAULT" />
129-->[com.google.firebase:firebase-auth:21.0.1] AndroidManifest.xml:36:17-76
129-->[com.google.firebase:firebase-auth:21.0.1] AndroidManifest.xml:36:27-73
130                <category android:name="android.intent.category.BROWSABLE" />
130-->[com.google.firebase:firebase-auth:21.0.1] AndroidManifest.xml:37:17-78
130-->[com.google.firebase:firebase-auth:21.0.1] AndroidManifest.xml:37:27-75
131
132                <data
132-->[com.google.firebase:firebase-auth:21.0.1] AndroidManifest.xml:39:17-42:51
133                    android:host="firebase.auth"
133-->[com.google.firebase:firebase-auth:21.0.1] AndroidManifest.xml:40:21-49
134                    android:path="/"
134-->[com.google.firebase:firebase-auth:21.0.1] AndroidManifest.xml:41:21-37
135                    android:scheme="recaptcha" />
135-->[com.google.firebase:firebase-auth:21.0.1] AndroidManifest.xml:42:21-48
136            </intent-filter>
137        </activity>
138
139        <service
139-->[com.google.firebase:firebase-auth:21.0.1] AndroidManifest.xml:64:9-73:19
140            android:name="com.google.firebase.auth.api.fallback.service.FirebaseAuthFallbackService"
140-->[com.google.firebase:firebase-auth:21.0.1] AndroidManifest.xml:65:13-101
141            android:enabled="true"
141-->[com.google.firebase:firebase-auth:21.0.1] AndroidManifest.xml:66:13-35
142            android:exported="false" >
142-->[com.google.firebase:firebase-auth:21.0.1] AndroidManifest.xml:67:13-37
143            <intent-filter>
143-->[com.google.firebase:firebase-auth:21.0.1] AndroidManifest.xml:68:13-72:29
144                <action android:name="com.google.firebase.auth.api.gms.service.START" />
144-->[com.google.firebase:firebase-auth:21.0.1] AndroidManifest.xml:69:17-89
144-->[com.google.firebase:firebase-auth:21.0.1] AndroidManifest.xml:69:25-86
145
146                <category android:name="android.intent.category.DEFAULT" />
146-->[com.google.firebase:firebase-auth:21.0.1] AndroidManifest.xml:36:17-76
146-->[com.google.firebase:firebase-auth:21.0.1] AndroidManifest.xml:36:27-73
147            </intent-filter>
148        </service>
149
150        <activity
150-->[com.google.android.gms:play-services-auth:16.0.1] AndroidManifest.xml:23:9-27:75
151            android:name="com.google.android.gms.auth.api.signin.internal.SignInHubActivity"
151-->[com.google.android.gms:play-services-auth:16.0.1] AndroidManifest.xml:24:13-93
152            android:excludeFromRecents="true"
152-->[com.google.android.gms:play-services-auth:16.0.1] AndroidManifest.xml:25:13-46
153            android:exported="false"
153-->[com.google.android.gms:play-services-auth:16.0.1] AndroidManifest.xml:26:13-37
154            android:theme="@android:style/Theme.Translucent.NoTitleBar" />
154-->[com.google.android.gms:play-services-auth:16.0.1] AndroidManifest.xml:27:13-72
155        <!--
156            Service handling Google Sign-In user revocation. For apps that do not integrate with
157            Google Sign-In, this service will never be started.
158        -->
159        <service
159-->[com.google.android.gms:play-services-auth:16.0.1] AndroidManifest.xml:33:9-36:110
160            android:name="com.google.android.gms.auth.api.signin.RevocationBoundService"
160-->[com.google.android.gms:play-services-auth:16.0.1] AndroidManifest.xml:34:13-89
161            android:exported="true"
161-->[com.google.android.gms:play-services-auth:16.0.1] AndroidManifest.xml:35:13-36
162            android:permission="com.google.android.gms.auth.api.signin.permission.REVOCATION_NOTIFICATION" />
162-->[com.google.android.gms:play-services-auth:16.0.1] AndroidManifest.xml:36:13-107
163
164        <provider
164-->[androidx.work:work-runtime:2.4.0] AndroidManifest.xml:31:9-37:35
165            android:name="androidx.work.impl.WorkManagerInitializer"
165-->[androidx.work:work-runtime:2.4.0] AndroidManifest.xml:32:13-69
166            android:authorities="com.absolute.habits.workmanager-init"
166-->[androidx.work:work-runtime:2.4.0] AndroidManifest.xml:33:13-68
167            android:directBootAware="false"
167-->[androidx.work:work-runtime:2.4.0] AndroidManifest.xml:34:13-44
168            android:exported="false"
168-->[androidx.work:work-runtime:2.4.0] AndroidManifest.xml:35:13-37
169            android:multiprocess="true" />
169-->[androidx.work:work-runtime:2.4.0] AndroidManifest.xml:36:13-40
170
171        <service
171-->[androidx.work:work-runtime:2.4.0] AndroidManifest.xml:39:9-44:35
172            android:name="androidx.work.impl.background.systemalarm.SystemAlarmService"
172-->[androidx.work:work-runtime:2.4.0] AndroidManifest.xml:40:13-88
173            android:directBootAware="false"
173-->[androidx.work:work-runtime:2.4.0] AndroidManifest.xml:41:13-44
174            android:enabled="@bool/enable_system_alarm_service_default"
174-->[androidx.work:work-runtime:2.4.0] AndroidManifest.xml:42:13-72
175            android:exported="false" />
175-->[androidx.work:work-runtime:2.4.0] AndroidManifest.xml:43:13-37
176        <service
176-->[androidx.work:work-runtime:2.4.0] AndroidManifest.xml:45:9-51:35
177            android:name="androidx.work.impl.background.systemjob.SystemJobService"
177-->[androidx.work:work-runtime:2.4.0] AndroidManifest.xml:46:13-84
178            android:directBootAware="false"
178-->[androidx.work:work-runtime:2.4.0] AndroidManifest.xml:47:13-44
179            android:enabled="@bool/enable_system_job_service_default"
179-->[androidx.work:work-runtime:2.4.0] AndroidManifest.xml:48:13-70
180            android:exported="true"
180-->[androidx.work:work-runtime:2.4.0] AndroidManifest.xml:49:13-36
181            android:permission="android.permission.BIND_JOB_SERVICE" />
181-->[androidx.work:work-runtime:2.4.0] AndroidManifest.xml:50:13-69
182        <service
182-->[androidx.work:work-runtime:2.4.0] AndroidManifest.xml:52:9-57:35
183            android:name="androidx.work.impl.foreground.SystemForegroundService"
183-->[androidx.work:work-runtime:2.4.0] AndroidManifest.xml:53:13-81
184            android:directBootAware="false"
184-->[androidx.work:work-runtime:2.4.0] AndroidManifest.xml:54:13-44
185            android:enabled="@bool/enable_system_foreground_service_default"
185-->[androidx.work:work-runtime:2.4.0] AndroidManifest.xml:55:13-77
186            android:exported="false" />
186-->[androidx.work:work-runtime:2.4.0] AndroidManifest.xml:56:13-37
187
188        <receiver
188-->[androidx.work:work-runtime:2.4.0] AndroidManifest.xml:59:9-64:35
189            android:name="androidx.work.impl.utils.ForceStopRunnable$BroadcastReceiver"
189-->[androidx.work:work-runtime:2.4.0] AndroidManifest.xml:60:13-88
190            android:directBootAware="false"
190-->[androidx.work:work-runtime:2.4.0] AndroidManifest.xml:61:13-44
191            android:enabled="true"
191-->[androidx.work:work-runtime:2.4.0] AndroidManifest.xml:62:13-35
192            android:exported="false" />
192-->[androidx.work:work-runtime:2.4.0] AndroidManifest.xml:63:13-37
193        <receiver
193-->[androidx.work:work-runtime:2.4.0] AndroidManifest.xml:65:9-75:20
194            android:name="androidx.work.impl.background.systemalarm.ConstraintProxy$BatteryChargingProxy"
194-->[androidx.work:work-runtime:2.4.0] AndroidManifest.xml:66:13-106
195            android:directBootAware="false"
195-->[androidx.work:work-runtime:2.4.0] AndroidManifest.xml:67:13-44
196            android:enabled="false"
196-->[androidx.work:work-runtime:2.4.0] AndroidManifest.xml:68:13-36
197            android:exported="false" >
197-->[androidx.work:work-runtime:2.4.0] AndroidManifest.xml:69:13-37
198            <intent-filter>
198-->[androidx.work:work-runtime:2.4.0] AndroidManifest.xml:71:13-74:29
199                <action android:name="android.intent.action.ACTION_POWER_CONNECTED" />
199-->[androidx.work:work-runtime:2.4.0] AndroidManifest.xml:72:17-87
199-->[androidx.work:work-runtime:2.4.0] AndroidManifest.xml:72:25-84
200                <action android:name="android.intent.action.ACTION_POWER_DISCONNECTED" />
200-->[androidx.work:work-runtime:2.4.0] AndroidManifest.xml:73:17-90
200-->[androidx.work:work-runtime:2.4.0] AndroidManifest.xml:73:25-87
201            </intent-filter>
202        </receiver>
203        <receiver
203-->[androidx.work:work-runtime:2.4.0] AndroidManifest.xml:76:9-86:20
204            android:name="androidx.work.impl.background.systemalarm.ConstraintProxy$BatteryNotLowProxy"
204-->[androidx.work:work-runtime:2.4.0] AndroidManifest.xml:77:13-104
205            android:directBootAware="false"
205-->[androidx.work:work-runtime:2.4.0] AndroidManifest.xml:78:13-44
206            android:enabled="false"
206-->[androidx.work:work-runtime:2.4.0] AndroidManifest.xml:79:13-36
207            android:exported="false" >
207-->[androidx.work:work-runtime:2.4.0] AndroidManifest.xml:80:13-37
208            <intent-filter>
208-->[androidx.work:work-runtime:2.4.0] AndroidManifest.xml:82:13-85:29
209                <action android:name="android.intent.action.BATTERY_OKAY" />
209-->[androidx.work:work-runtime:2.4.0] AndroidManifest.xml:83:17-77
209-->[androidx.work:work-runtime:2.4.0] AndroidManifest.xml:83:25-74
210                <action android:name="android.intent.action.BATTERY_LOW" />
210-->[androidx.work:work-runtime:2.4.0] AndroidManifest.xml:84:17-76
210-->[androidx.work:work-runtime:2.4.0] AndroidManifest.xml:84:25-73
211            </intent-filter>
212        </receiver>
213        <receiver
213-->[androidx.work:work-runtime:2.4.0] AndroidManifest.xml:87:9-97:20
214            android:name="androidx.work.impl.background.systemalarm.ConstraintProxy$StorageNotLowProxy"
214-->[androidx.work:work-runtime:2.4.0] AndroidManifest.xml:88:13-104
215            android:directBootAware="false"
215-->[androidx.work:work-runtime:2.4.0] AndroidManifest.xml:89:13-44
216            android:enabled="false"
216-->[androidx.work:work-runtime:2.4.0] AndroidManifest.xml:90:13-36
217            android:exported="false" >
217-->[androidx.work:work-runtime:2.4.0] AndroidManifest.xml:91:13-37
218            <intent-filter>
218-->[androidx.work:work-runtime:2.4.0] AndroidManifest.xml:93:13-96:29
219                <action android:name="android.intent.action.DEVICE_STORAGE_LOW" />
219-->[androidx.work:work-runtime:2.4.0] AndroidManifest.xml:94:17-83
219-->[androidx.work:work-runtime:2.4.0] AndroidManifest.xml:94:25-80
220                <action android:name="android.intent.action.DEVICE_STORAGE_OK" />
220-->[androidx.work:work-runtime:2.4.0] AndroidManifest.xml:95:17-82
220-->[androidx.work:work-runtime:2.4.0] AndroidManifest.xml:95:25-79
221            </intent-filter>
222        </receiver>
223        <receiver
223-->[androidx.work:work-runtime:2.4.0] AndroidManifest.xml:98:9-107:20
224            android:name="androidx.work.impl.background.systemalarm.ConstraintProxy$NetworkStateProxy"
224-->[androidx.work:work-runtime:2.4.0] AndroidManifest.xml:99:13-103
225            android:directBootAware="false"
225-->[androidx.work:work-runtime:2.4.0] AndroidManifest.xml:100:13-44
226            android:enabled="false"
226-->[androidx.work:work-runtime:2.4.0] AndroidManifest.xml:101:13-36
227            android:exported="false" >
227-->[androidx.work:work-runtime:2.4.0] AndroidManifest.xml:102:13-37
228            <intent-filter>
228-->[androidx.work:work-runtime:2.4.0] AndroidManifest.xml:104:13-106:29
229                <action android:name="android.net.conn.CONNECTIVITY_CHANGE" />
229-->[androidx.work:work-runtime:2.4.0] AndroidManifest.xml:105:17-79
229-->[androidx.work:work-runtime:2.4.0] AndroidManifest.xml:105:25-76
230            </intent-filter>
231        </receiver>
232        <receiver
232-->[androidx.work:work-runtime:2.4.0] AndroidManifest.xml:108:9-119:20
233            android:name="androidx.work.impl.background.systemalarm.RescheduleReceiver"
233-->[androidx.work:work-runtime:2.4.0] AndroidManifest.xml:109:13-88
234            android:directBootAware="false"
234-->[androidx.work:work-runtime:2.4.0] AndroidManifest.xml:110:13-44
235            android:enabled="false"
235-->[androidx.work:work-runtime:2.4.0] AndroidManifest.xml:111:13-36
236            android:exported="false" >
236-->[androidx.work:work-runtime:2.4.0] AndroidManifest.xml:112:13-37
237            <intent-filter>
237-->[androidx.work:work-runtime:2.4.0] AndroidManifest.xml:114:13-118:29
238                <action android:name="android.intent.action.BOOT_COMPLETED" />
238-->src\main\AndroidManifest.xml:49:17-79
238-->src\main\AndroidManifest.xml:49:25-76
239                <action android:name="android.intent.action.TIME_SET" />
239-->[androidx.work:work-runtime:2.4.0] AndroidManifest.xml:116:17-73
239-->[androidx.work:work-runtime:2.4.0] AndroidManifest.xml:116:25-70
240                <action android:name="android.intent.action.TIMEZONE_CHANGED" />
240-->[androidx.work:work-runtime:2.4.0] AndroidManifest.xml:117:17-81
240-->[androidx.work:work-runtime:2.4.0] AndroidManifest.xml:117:25-78
241            </intent-filter>
242        </receiver>
243        <receiver
243-->[androidx.work:work-runtime:2.4.0] AndroidManifest.xml:120:9-129:20
244            android:name="androidx.work.impl.background.systemalarm.ConstraintProxyUpdateReceiver"
244-->[androidx.work:work-runtime:2.4.0] AndroidManifest.xml:121:13-99
245            android:directBootAware="false"
245-->[androidx.work:work-runtime:2.4.0] AndroidManifest.xml:122:13-44
246            android:enabled="@bool/enable_system_alarm_service_default"
246-->[androidx.work:work-runtime:2.4.0] AndroidManifest.xml:123:13-72
247            android:exported="false" >
247-->[androidx.work:work-runtime:2.4.0] AndroidManifest.xml:124:13-37
248            <intent-filter>
248-->[androidx.work:work-runtime:2.4.0] AndroidManifest.xml:126:13-128:29
249                <action android:name="androidx.work.impl.background.systemalarm.UpdateProxies" />
249-->[androidx.work:work-runtime:2.4.0] AndroidManifest.xml:127:17-98
249-->[androidx.work:work-runtime:2.4.0] AndroidManifest.xml:127:25-95
250            </intent-filter>
251        </receiver>
252        <receiver
252-->[androidx.work:work-runtime:2.4.0] AndroidManifest.xml:130:9-140:20
253            android:name="androidx.work.impl.diagnostics.DiagnosticsReceiver"
253-->[androidx.work:work-runtime:2.4.0] AndroidManifest.xml:131:13-78
254            android:directBootAware="false"
254-->[androidx.work:work-runtime:2.4.0] AndroidManifest.xml:132:13-44
255            android:enabled="true"
255-->[androidx.work:work-runtime:2.4.0] AndroidManifest.xml:133:13-35
256            android:exported="true"
256-->[androidx.work:work-runtime:2.4.0] AndroidManifest.xml:134:13-36
257            android:permission="android.permission.DUMP" >
257-->[androidx.work:work-runtime:2.4.0] AndroidManifest.xml:135:13-57
258            <intent-filter>
258-->[androidx.work:work-runtime:2.4.0] AndroidManifest.xml:137:13-139:29
259                <action android:name="androidx.work.diagnostics.REQUEST_DIAGNOSTICS" />
259-->[androidx.work:work-runtime:2.4.0] AndroidManifest.xml:138:17-88
259-->[androidx.work:work-runtime:2.4.0] AndroidManifest.xml:138:25-85
260            </intent-filter>
261        </receiver>
262
263        <activity
263-->[com.google.android.gms:play-services-base:17.1.0] AndroidManifest.xml:23:9-26:75
264            android:name="com.google.android.gms.common.api.GoogleApiActivity"
264-->[com.google.android.gms:play-services-base:17.1.0] AndroidManifest.xml:24:13-79
265            android:exported="false"
265-->[com.google.android.gms:play-services-base:17.1.0] AndroidManifest.xml:25:13-37
266            android:theme="@android:style/Theme.Translucent.NoTitleBar" />
266-->[com.google.android.gms:play-services-base:17.1.0] AndroidManifest.xml:26:13-72
267
268        <provider
268-->[com.google.firebase:firebase-common:20.0.0] AndroidManifest.xml:26:9-31:39
269            android:name="com.google.firebase.provider.FirebaseInitProvider"
269-->[com.google.firebase:firebase-common:20.0.0] AndroidManifest.xml:27:13-77
270            android:authorities="com.absolute.habits.firebaseinitprovider"
270-->[com.google.firebase:firebase-common:20.0.0] AndroidManifest.xml:28:13-72
271            android:directBootAware="true"
271-->[com.google.firebase:firebase-common:20.0.0] AndroidManifest.xml:29:13-43
272            android:exported="false"
272-->[com.google.firebase:firebase-common:20.0.0] AndroidManifest.xml:30:13-37
273            android:initOrder="100" />
273-->[com.google.firebase:firebase-common:20.0.0] AndroidManifest.xml:31:13-36
274
275        <meta-data
275-->[com.google.android.gms:play-services-basement:17.1.0] AndroidManifest.xml:23:9-25:69
276            android:name="com.google.android.gms.version"
276-->[com.google.android.gms:play-services-basement:17.1.0] AndroidManifest.xml:24:13-58
277            android:value="@integer/google_play_services_version" />
277-->[com.google.android.gms:play-services-basement:17.1.0] AndroidManifest.xml:25:13-66
278
279        <service
279-->[androidx.room:room-runtime:2.2.5] AndroidManifest.xml:25:9-28:40
280            android:name="androidx.room.MultiInstanceInvalidationService"
280-->[androidx.room:room-runtime:2.2.5] AndroidManifest.xml:26:13-74
281            android:directBootAware="true"
281-->[androidx.room:room-runtime:2.2.5] AndroidManifest.xml:27:13-43
282            android:exported="false" />